<?xml version="1.0" encoding="UTF-8"?>
<!-- Generated by org.testng.reporters.JUnitReportReporter -->
<testsuite hostname="LAPTOP-D04QN8TD" failures="0" tests="1" name="facebooktest.TestCase1" time="10.285" errors="0" timestamp="2023-08-01T08:40:51 IST" skipped="0">
  <testcase classname="facebooktest.TestCase1" name="test1" time="10.285"/>
</testsuite> <!-- facebooktest.TestCase1 -->
