<?xml version="1.0" encoding="UTF-8"?>
<!-- Generated by org.testng.reporters.JUnitReportReporter -->
<testsuite hostname="LAPTOP-D04QN8TD" failures="0" tests="1" name="TestNG.DoubleClick_Class" time="26.235" errors="0" timestamp="2023-08-27T13:16:05 IST" skipped="0">
  <testcase classname="TestNG.DoubleClick_Class" name="TestCase1" time="26.235"/>
</testsuite> <!-- TestNG.DoubleClick_Class -->
