<?xml version="1.0" encoding="UTF-8"?>
<!-- Generated by org.testng.reporters.JUnitReportReporter -->
<testsuite hostname="LAPTOP-D04QN8TD" failures="0" tests="3" name="TestNG.DataProvider_Annotation" time="30.037" errors="0" timestamp="2023-09-17T13:46:23 IST" skipped="0">
  <testcase classname="TestNG.DataProvider_Annotation" name="testcase1" time="6.209"/>
  <testcase classname="TestNG.DataProvider_Annotation" name="testcase1" time="17.088"/>
  <testcase classname="TestNG.DataProvider_Annotation" name="testcase1" time="6.740"/>
</testsuite> <!-- TestNG.DataProvider_Annotation -->
