<?xml version="1.0" encoding="UTF-8"?>
<!-- Generated by org.testng.reporters.JUnitReportReporter -->
<testsuite hostname="LAPTOP-D04QN8TD" failures="0" tests="1" name="facebooktest1.Test_Case1" time="65.688" errors="0" timestamp="2023-08-23T22:42:09 IST" skipped="0">
  <testcase classname="facebooktest1.Test_Case1" name="clickingonwhatsonyourmind" time="65.688"/>
</testsuite> <!-- facebooktest1.Test_Case1 -->
