<?xml version="1.0" encoding="UTF-8"?>
<!-- Generated by org.testng.reporters.JUnitReportReporter -->
<testsuite hostname="LAPTOP-D04QN8TD" failures="0" tests="2" name="TestNG.TestNG_Parameter_Priority" time="0.015" errors="0" timestamp="2023-07-25T09:10:17 IST" skipped="0">
  <testcase classname="TestNG.TestNG_Parameter_Priority" name="scenario2" time="0.010"/>
  <testcase classname="TestNG.TestNG_Parameter_Priority" name="scenario1" time="0.005"/>
</testsuite> <!-- TestNG.TestNG_Parameter_Priority -->
