<?xml version="1.0" encoding="UTF-8"?>
<!-- Generated by org.testng.reporters.JUnitReportReporter -->
<testsuite hostname="LAPTOP-D04QN8TD" failures="0" tests="2" name="TestNG.Choosing_Browser" time="59.479" errors="0" timestamp="2023-08-25T09:27:34 IST" skipped="0">
  <testcase classname="TestNG.Choosing_Browser" name="Browser1" time="29.884"/>
  <testcase classname="TestNG.Choosing_Browser" name="Browser1" time="29.595"/>
</testsuite> <!-- TestNG.Choosing_Browser -->
