<?xml version="1.0" encoding="UTF-8"?>
<!-- Generated by org.testng.reporters.JUnitReportReporter -->
<testsuite hostname="LAPTOP-D04QN8TD" failures="0" tests="3" name="TestNG.Grouping_TestNG" time="0.019" errors="0" timestamp="2023-08-26T19:52:04 IST" skipped="0">
  <testcase classname="TestNG.Grouping_TestNG" name="testcase1" time="0.013"/>
  <testcase classname="TestNG.Grouping_TestNG" name="testcase2" time="0.003"/>
  <testcase classname="TestNG.Grouping_TestNG" name="testcase7" time="0.003"/>
</testsuite> <!-- TestNG.Grouping_TestNG -->
