<?xml version="1.0" encoding="UTF-8"?>
<!-- Generated by org.testng.reporters.JUnitReportReporter -->
<testsuite hostname="LAPTOP-D04QN8TD" failures="0" tests="1" name="amazontest.TestCase4" time="46.995" errors="0" timestamp="2023-09-01T20:40:13 IST" skipped="0">
  <testcase classname="amazontest.TestCase4" name="bookingtheproductusingEMI" time="46.995">
    <system-out>
      <![CDATA[Test Case 4 Pass]]>
    </system-out>
  </testcase> <!-- bookingtheproductusingEMI -->
  <system-out>
    <![CDATA[Test Case 4 Pass
Test Case 5 Pass
Test Case 2 Pass
Test Case 3 Pass
Test Case 1 Pass]]>
  </system-out>
</testsuite> <!-- amazontest.TestCase4 -->
