<?xml version="1.0" encoding="UTF-8"?>
<!-- Generated by org.testng.reporters.JUnitReportReporter -->
<testsuite hostname="LAPTOP-D04QN8TD" failures="0" tests="2" name="TestNG.DataProvider_TwoDimensional_Example2" time="16.937" errors="0" timestamp="2023-09-17T14:27:37 IST" skipped="0">
  <testcase classname="TestNG.DataProvider_TwoDimensional_Example2" name="testcase" time="9.998"/>
  <testcase classname="TestNG.DataProvider_TwoDimensional_Example2" name="testcase" time="6.939"/>
</testsuite> <!-- TestNG.DataProvider_TwoDimensional_Example2 -->
