<?xml version="1.0" encoding="UTF-8"?>
<!-- Generated by org.testng.reporters.JUnitReportReporter -->
<testsuite hostname="LAPTOP-D04QN8TD" failures="0" tests="3" name="TestNG.Five" time="0.013" errors="0" timestamp="2023-07-25T09:10:17 IST" skipped="0">
  <testcase classname="TestNG.Five" name="subtract" time="0.007"/>
  <testcase classname="TestNG.Five" name="add" time="0.003"/>
  <testcase classname="TestNG.Five" name="multiply" time="0.003"/>
</testsuite> <!-- TestNG.Five -->
