<?xml version="1.0" encoding="UTF-8"?>
<!-- Generated by org.testng.reporters.JUnitReportReporter -->
<testsuite hostname="LAPTOP-D04QN8TD" failures="0" tests="1" name="TestNG.Two" time="0.015" errors="0" timestamp="2023-07-25T09:10:17 IST" skipped="0">
  <testcase classname="TestNG.Two" name="Test" time="0.015"/>
</testsuite> <!-- TestNG.Two -->
