<?xml version="1.0" encoding="UTF-8"?>
<!-- Generated by org.testng.reporters.JUnitReportReporter -->
<testsuite hostname="LAPTOP-D04QN8TD" failures="0" tests="1" name="TestNG.Assertion_Class_Example" time="26.623" errors="0" timestamp="2023-09-13T18:00:31 IST" skipped="0">
  <testcase classname="TestNG.Assertion_Class_Example" name="Assertion_Example" time="26.623"/>
</testsuite> <!-- TestNG.Assertion_Class_Example -->
