<?xml version="1.0" encoding="UTF-8"?>
<!-- Generated by org.testng.reporters.JUnitReportReporter -->
<testsuite hostname="LAPTOP-D04QN8TD" failures="0" tests="1" name="Automate_Scenarios.Class2" time="14.333" errors="0" timestamp="2023-07-24T09:01:52 IST" skipped="0">
  <testcase classname="Automate_Scenarios.Class2" name="searchbox" time="14.333"/>
</testsuite> <!-- Automate_Scenarios.Class2 -->
