<?xml version="1.0" encoding="UTF-8"?>
<!-- Generated by org.testng.reporters.JUnitReportReporter -->
<testsuite hostname="LAPTOP-D04QN8TD" failures="0" tests="1" name="Automate_Scenarios.Class1" time="15.466" errors="0" timestamp="2023-07-24T09:01:52 IST" skipped="0">
  <testcase classname="Automate_Scenarios.Class1" name="searchbox" time="15.466"/>
</testsuite> <!-- Automate_Scenarios.Class1 -->
