<?xml version="1.0" encoding="UTF-8"?>
<!-- Generated by org.testng.reporters.JUnitReportReporter -->
<testsuite hostname="LAPTOP-D04QN8TD" failures="0" tests="1" name="amazontest.TestCase5" time="45.711" errors="0" timestamp="2023-09-01T20:40:13 IST" skipped="0">
  <testcase classname="amazontest.TestCase5" name="bookingtheproductusingCREDITCARD" time="45.711">
    <system-out>
      <![CDATA[Test Case 5 Pass]]>
    </system-out>
  </testcase> <!-- bookingtheproductusingCREDITCARD -->
  <system-out>
    <![CDATA[Test Case 4 Pass
Test Case 5 Pass
Test Case 2 Pass
Test Case 3 Pass
Test Case 1 Pass]]>
  </system-out>
</testsuite> <!-- amazontest.TestCase5 -->
