<?xml version="1.0" encoding="UTF-8"?>
<!-- Generated by org.testng.reporters.JUnitReportReporter -->
<testsuite hostname="LAPTOP-D04QN8TD" failures="0" tests="1" name="TestNG.Timeout_TestNG" time="9.162" errors="0" timestamp="2023-08-26T19:49:20 IST" skipped="0">
  <testcase classname="TestNG.Timeout_TestNG" name="testcase" time="9.162"/>
</testsuite> <!-- TestNG.Timeout_TestNG -->
