<?xml version="1.0" encoding="UTF-8"?>
<!-- Generated by org.testng.reporters.JUnitReportReporter -->
<testsuite hostname="LAPTOP-D04QN8TD" failures="0" tests="10" name="TestNG.DataProvider_TenByTwoExample" time="74.501" errors="0" timestamp="2023-09-17T14:38:51 IST" skipped="0">
  <testcase classname="TestNG.DataProvider_TenByTwoExample" name="testcase" time="7.810"/>
  <testcase classname="TestNG.DataProvider_TenByTwoExample" name="testcase" time="6.204"/>
  <testcase classname="TestNG.DataProvider_TenByTwoExample" name="testcase" time="7.125"/>
  <testcase classname="TestNG.DataProvider_TenByTwoExample" name="testcase" time="6.389"/>
  <testcase classname="TestNG.DataProvider_TenByTwoExample" name="testcase" time="6.194"/>
  <testcase classname="TestNG.DataProvider_TenByTwoExample" name="testcase" time="6.667"/>
  <testcase classname="TestNG.DataProvider_TenByTwoExample" name="testcase" time="12.472"/>
  <testcase classname="TestNG.DataProvider_TenByTwoExample" name="testcase" time="8.770"/>
  <testcase classname="TestNG.DataProvider_TenByTwoExample" name="testcase" time="6.302"/>
  <testcase classname="TestNG.DataProvider_TenByTwoExample" name="testcase" time="6.568"/>
</testsuite> <!-- TestNG.DataProvider_TenByTwoExample -->
