<?xml version="1.0" encoding="UTF-8"?>
<!-- Generated by org.testng.reporters.JUnitReportReporter -->
<testsuite hostname="LAPTOP-D04QN8TD" failures="0" tests="1" name="amazontest.TestCase3" time="44.552" errors="0" timestamp="2023-09-01T20:40:13 IST" skipped="0">
  <testcase classname="amazontest.TestCase3" name="bookingtheproductusingNETBANKING" time="44.552">
    <system-out>
      <![CDATA[Test Case 3 Pass]]>
    </system-out>
  </testcase> <!-- bookingtheproductusingNETBANKING -->
  <system-out>
    <![CDATA[Test Case 4 Pass
Test Case 5 Pass
Test Case 2 Pass
Test Case 3 Pass
Test Case 1 Pass]]>
  </system-out>
</testsuite> <!-- amazontest.TestCase3 -->
