<?xml version="1.0" encoding="UTF-8"?>
<!-- Generated by org.testng.reporters.JUnitReportReporter -->
<testsuite hostname="LAPTOP-D04QN8TD" failures="0" tests="2" name="TestNG.TestNG_Parameter_Enabled" time="0.003" errors="0" timestamp="2023-07-25T09:10:17 IST" skipped="1">
  <testcase classname="TestNG.TestNG_Parameter_Enabled" name="scenario2" time="0.003"/>
  <testcase classname="TestNG.TestNG_Parameter_Enabled" name="scenario1">
    <skipped/>
  </testcase> <!-- scenario1 -->
</testsuite> <!-- TestNG.TestNG_Parameter_Enabled -->
