<?xml version="1.0" encoding="UTF-8"?>
<!-- Generated by org.testng.reporters.JUnitReportReporter -->
<testsuite hostname="LAPTOP-D04QN8TD" failures="0" tests="5" name="TestNG.TestNG_Parameter_InvocationCount" time="0.021" errors="0" timestamp="2023-07-25T09:10:17 IST" skipped="0">
  <testcase classname="TestNG.TestNG_Parameter_InvocationCount" name="scenario1" time="0.006"/>
  <testcase classname="TestNG.TestNG_Parameter_InvocationCount" name="scenario1" time="0.003"/>
  <testcase classname="TestNG.TestNG_Parameter_InvocationCount" name="scenario1" time="0.002"/>
  <testcase classname="TestNG.TestNG_Parameter_InvocationCount" name="scenario1" time="0.005"/>
  <testcase classname="TestNG.TestNG_Parameter_InvocationCount" name="scenario1" time="0.005"/>
</testsuite> <!-- TestNG.TestNG_Parameter_InvocationCount -->
