<?xml version="1.0" encoding="UTF-8"?>
<!-- Generated by org.testng.reporters.JUnitReportReporter -->
<testsuite hostname="LAPTOP-D04QN8TD" failures="0" tests="1" name="TestNG.ImplicitWaitAmazonShoeTillPaymentOption" time="69.345" errors="0" timestamp="2023-09-09T21:05:56 IST" skipped="0">
  <testcase classname="TestNG.ImplicitWaitAmazonShoeTillPaymentOption" name="ImplicitWaitAmazonShoe" time="69.345"/>
</testsuite> <!-- TestNG.ImplicitWaitAmazonShoeTillPaymentOption -->
